<?xml version="1.0" encoding="UTF-8"?>
<!-- Generated by org.testng.reporters.JUnitXMLReporter -->
<testsuite hostname="LAPTOP-T4DGVCL5" tests="10" failures="0" timestamp="9 May 2020 11:58:31 GMT" time="148.185" errors="0">
  <testcase name="tc3" time="0.098" classname="TestCase3"/>
  <testcase name="tc1" time="0.103" classname="TestCase3"/>
  <testcase name="tc1" time="0.102" classname="TestCase4">
    <skipped/>
  </testcase> <!-- tc1 -->
  <testcase name="tc2" time="0.093" classname="TestCase4"/>
  <testcase name="tc3" time="0.003" classname="TestCase4"/>
  <testcase name="tc2" time="0.019" classname="TestCase5"/>
  <testcase name="tc3" time="0.006" classname="TestCase5"/>
  <testcase name="tc1" time="0.003" classname="TestCase5"/>
  <testcase name="Tc2" time="86.4" classname="TestCase2"/>
  <testcase name="Tc1" time="61.474" classname="TestCase1"/>
</testsuite>
