<?xml version="1.0" encoding="UTF-8"?>
<!-- Generated by org.testng.reporters.JUnitXMLReporter -->
<testsuite hostname="LAPTOP-T4DGVCL5" tests="10" failures="0" timestamp="27 Apr 2020 06:25:19 GMT" time="21.754" errors="0">
  <testcase name="tc1" time="0.011" classname="TestCase4">
    <skipped/>
  </testcase> <!-- tc1 -->
  <testcase name="tc3" time="0.013" classname="TestCase3"/>
  <testcase name="tc3" time="0.0" classname="TestCase4"/>
  <testcase name="tc1" time="0.0" classname="TestCase5"/>
  <testcase name="tc3" time="0.0" classname="TestCase5"/>
  <testcase name="tc2" time="0.013" classname="TestCase4"/>
  <testcase name="tc1" time="0.013" classname="TestCase3"/>
  <testcase name="tc2" time="0.0" classname="TestCase5"/>
  <testcase name="Tc2" time="13.105" classname="TestCase2"/>
  <testcase name="Tc1" time="8.614" classname="TestCase1"/>
</testsuite>
