<?xml version="1.0" encoding="UTF-8"?>
<testsuite name="TestSuite" time="21.717" tests="10" errors="0" skipped="1" failures="0">
  <properties>
[...]
</properties>
  <testcase name="tc1" classname="TestCase4" time="0">
    <skipped/>
  </testcase>
  <testcase name="tc3" classname="TestCase3" time="0.01"/>
  <testcase name="tc3" classname="TestCase4" time="0.005"/>
  <testcase name="tc1" classname="TestCase5" time="0"/>
  <testcase name="tc3" classname="TestCase5" time="0"/>
  <testcase name="tc2" classname="TestCase4" time="0"/>
  <testcase name="tc2" classname="TestCase5" time="0"/>
  <testcase name="tc1" classname="TestCase3" time="0"/>
  <testcase name="Tc2" classname="TestCase2" time="13.091"/>
  <testcase name="Tc1" classname="TestCase1" time="8.611"/>
</testsuite>