<?xml version="1.0" encoding="UTF-8"?>
<testng-results skipped="1" failed="0" total="10" passed="9">
  <reporter-output>
  </reporter-output>
  <suite name="Suite" duration-ms="21754" started-at="2020-04-27T06:24:57Z" finished-at="2020-04-27T06:25:19Z">
    <groups>
    </groups>
    <test name="Test" duration-ms="21754" started-at="2020-04-27T06:24:57Z" finished-at="2020-04-27T06:25:19Z">
      <class name="TestCase5">
        <test-method status="PASS" signature="tc1()[pri:0, instance:TestCase5@76b10754]" name="tc1" duration-ms="0" started-at="2020-04-27T11:54:57Z" finished-at="2020-04-27T11:54:57Z">
          <reporter-output>
          </reporter-output>
        </test-method> <!-- tc1 -->
        <test-method status="PASS" signature="tc3()[pri:0, instance:TestCase5@76b10754]" name="tc3" duration-ms="0" started-at="2020-04-27T11:54:57Z" finished-at="2020-04-27T11:54:57Z">
          <reporter-output>
          </reporter-output>
        </test-method> <!-- tc3 -->
        <test-method status="PASS" signature="tc2()[pri:0, instance:TestCase5@76b10754]" name="tc2" duration-ms="0" started-at="2020-04-27T11:54:57Z" finished-at="2020-04-27T11:54:57Z">
          <reporter-output>
          </reporter-output>
        </test-method> <!-- tc2 -->
      </class> <!-- TestCase5 -->
      <class name="TestCase4">
        <test-method status="SKIP" signature="tc1()[pri:0, instance:TestCase4@de3a06f]" name="tc1" duration-ms="11" started-at="2020-04-27T11:54:57Z" finished-at="2020-04-27T11:54:57Z">
          <exception class="org.testng.SkipException">
            <message>
              <![CDATA[Skipped!!]]>
            </message>
            <full-stacktrace>
              <![CDATA[org.testng.SkipException: Skipped!!
	at TestCase4.tc1(TestCase4.java:9)
	at sun.reflect.NativeMethodAccessorImpl.invoke0(Native Method)
	at sun.reflect.NativeMethodAccessorImpl.invoke(Unknown Source)
	at sun.reflect.DelegatingMethodAccessorImpl.invoke(Unknown Source)
	at java.lang.reflect.Method.invoke(Unknown Source)
	at org.testng.internal.MethodInvocationHelper.invokeMethod(MethodInvocationHelper.java:85)
	at org.testng.internal.Invoker.invokeMethod(Invoker.java:639)
	at org.testng.internal.Invoker.invokeTestMethod(Invoker.java:816)
	at org.testng.internal.Invoker.invokeTestMethods(Invoker.java:1124)
	at org.testng.internal.TestMethodWorker.invokeTestMethods(TestMethodWorker.java:125)
	at org.testng.internal.TestMethodWorker.run(TestMethodWorker.java:108)
	at java.util.concurrent.ThreadPoolExecutor.runWorker(Unknown Source)
	at java.util.concurrent.ThreadPoolExecutor$Worker.run(Unknown Source)
	at java.lang.Thread.run(Unknown Source)
]]>
            </full-stacktrace>
          </exception> <!-- org.testng.SkipException -->
          <reporter-output>
          </reporter-output>
        </test-method> <!-- tc1 -->
        <test-method status="PASS" signature="tc2()[pri:0, instance:TestCase4@de3a06f]" name="tc2" duration-ms="13" started-at="2020-04-27T11:54:57Z" finished-at="2020-04-27T11:54:57Z">
          <reporter-output>
          </reporter-output>
        </test-method> <!-- tc2 -->
        <test-method status="PASS" signature="tc3()[pri:0, instance:TestCase4@de3a06f]" name="tc3" duration-ms="0" started-at="2020-04-27T11:54:57Z" finished-at="2020-04-27T11:54:57Z">
          <reporter-output>
          </reporter-output>
        </test-method> <!-- tc3 -->
      </class> <!-- TestCase4 -->
      <class name="TestCase3">
        <test-method status="PASS" signature="tc3()[pri:0, instance:TestCase3@6c9f5c0d]" name="tc3" duration-ms="13" started-at="2020-04-27T11:54:57Z" finished-at="2020-04-27T11:54:57Z">
          <reporter-output>
          </reporter-output>
        </test-method> <!-- tc3 -->
        <test-method status="PASS" signature="tc1()[pri:0, instance:TestCase3@6c9f5c0d]" name="tc1" duration-ms="13" started-at="2020-04-27T11:54:57Z" finished-at="2020-04-27T11:54:57Z">
          <reporter-output>
          </reporter-output>
        </test-method> <!-- tc1 -->
      </class> <!-- TestCase3 -->
      <class name="TestCase2">
        <test-method status="PASS" signature="Tc2()[pri:0, instance:TestCase2@17695df3]" name="Tc2" duration-ms="13105" started-at="2020-04-27T11:54:57Z" finished-at="2020-04-27T11:55:10Z">
          <reporter-output>
          </reporter-output>
        </test-method> <!-- Tc2 -->
      </class> <!-- TestCase2 -->
      <class name="TestCase1">
        <test-method status="PASS" signature="Tc1()[pri:0, instance:TestCase1@3439f68d]" name="Tc1" duration-ms="8614" started-at="2020-04-27T11:55:10Z" depends-on-methods="TestCase2.Tc2" finished-at="2020-04-27T11:55:19Z">
          <reporter-output>
          </reporter-output>
        </test-method> <!-- Tc1 -->
      </class> <!-- TestCase1 -->
    </test> <!-- Test -->
  </suite> <!-- Suite -->
</testng-results>
