<?xml version="1.0" encoding="UTF-8"?>
<testng-results skipped="1" failed="0" total="10" passed="9">
  <reporter-output>
  </reporter-output>
  <suite name="Suite" duration-ms="148185" started-at="2020-05-09T11:56:03Z" finished-at="2020-05-09T11:58:31Z">
    <groups>
    </groups>
    <test name="Test" duration-ms="148185" started-at="2020-05-09T11:56:03Z" finished-at="2020-05-09T11:58:31Z">
      <class name="TestCase5">
        <test-method status="PASS" signature="tc2()[pri:0, instance:TestCase5@3d8314f0]" name="tc2" duration-ms="19" started-at="2020-05-09T17:26:03Z" finished-at="2020-05-09T17:26:03Z">
          <reporter-output>
          </reporter-output>
        </test-method> <!-- tc2 -->
        <test-method status="PASS" signature="tc3()[pri:0, instance:TestCase5@3d8314f0]" name="tc3" duration-ms="6" started-at="2020-05-09T17:26:03Z" finished-at="2020-05-09T17:26:03Z">
          <reporter-output>
          </reporter-output>
        </test-method> <!-- tc3 -->
        <test-method status="PASS" signature="tc1()[pri:0, instance:TestCase5@3d8314f0]" name="tc1" duration-ms="3" started-at="2020-05-09T17:26:03Z" finished-at="2020-05-09T17:26:03Z">
          <reporter-output>
          </reporter-output>
        </test-method> <!-- tc1 -->
      </class> <!-- TestCase5 -->
      <class name="TestCase4">
        <test-method status="SKIP" signature="tc1()[pri:0, instance:TestCase4@2bea5ab4]" name="tc1" duration-ms="102" started-at="2020-05-09T17:26:03Z" finished-at="2020-05-09T17:26:03Z">
          <exception class="org.testng.SkipException">
            <message>
              <![CDATA[Skipped!!]]>
            </message>
            <full-stacktrace>
              <![CDATA[org.testng.SkipException: Skipped!!
	at TestCase4.tc1(TestCase4.java:9)
	at sun.reflect.NativeMethodAccessorImpl.invoke0(Native Method)
	at sun.reflect.NativeMethodAccessorImpl.invoke(NativeMethodAccessorImpl.java:62)
	at sun.reflect.DelegatingMethodAccessorImpl.invoke(DelegatingMethodAccessorImpl.java:43)
	at java.lang.reflect.Method.invoke(Method.java:498)
	at org.testng.internal.MethodInvocationHelper.invokeMethod(MethodInvocationHelper.java:85)
	at org.testng.internal.Invoker.invokeMethod(Invoker.java:639)
	at org.testng.internal.Invoker.invokeTestMethod(Invoker.java:816)
	at org.testng.internal.Invoker.invokeTestMethods(Invoker.java:1124)
	at org.testng.internal.TestMethodWorker.invokeTestMethods(TestMethodWorker.java:125)
	at org.testng.internal.TestMethodWorker.run(TestMethodWorker.java:108)
	at java.util.concurrent.ThreadPoolExecutor.runWorker(ThreadPoolExecutor.java:1149)
	at java.util.concurrent.ThreadPoolExecutor$Worker.run(ThreadPoolExecutor.java:624)
	at java.lang.Thread.run(Thread.java:748)
]]>
            </full-stacktrace>
          </exception> <!-- org.testng.SkipException -->
          <reporter-output>
          </reporter-output>
        </test-method> <!-- tc1 -->
        <test-method status="PASS" signature="tc2()[pri:0, instance:TestCase4@2bea5ab4]" name="tc2" duration-ms="93" started-at="2020-05-09T17:26:03Z" finished-at="2020-05-09T17:26:03Z">
          <reporter-output>
          </reporter-output>
        </test-method> <!-- tc2 -->
        <test-method status="PASS" signature="tc3()[pri:0, instance:TestCase4@2bea5ab4]" name="tc3" duration-ms="3" started-at="2020-05-09T17:26:03Z" finished-at="2020-05-09T17:26:03Z">
          <reporter-output>
          </reporter-output>
        </test-method> <!-- tc3 -->
      </class> <!-- TestCase4 -->
      <class name="TestCase3">
        <test-method status="PASS" signature="tc1()[pri:0, instance:TestCase3@76b10754]" name="tc1" duration-ms="103" started-at="2020-05-09T17:26:03Z" finished-at="2020-05-09T17:26:03Z">
          <reporter-output>
          </reporter-output>
        </test-method> <!-- tc1 -->
        <test-method status="PASS" signature="tc3()[pri:0, instance:TestCase3@76b10754]" name="tc3" duration-ms="98" started-at="2020-05-09T17:26:03Z" finished-at="2020-05-09T17:26:03Z">
          <reporter-output>
          </reporter-output>
        </test-method> <!-- tc3 -->
      </class> <!-- TestCase3 -->
      <class name="TestCase2">
        <test-method status="PASS" signature="Tc2()[pri:0, instance:TestCase2@de3a06f]" name="Tc2" duration-ms="86400" started-at="2020-05-09T17:26:03Z" finished-at="2020-05-09T17:27:29Z">
          <reporter-output>
          </reporter-output>
        </test-method> <!-- Tc2 -->
      </class> <!-- TestCase2 -->
      <class name="TestCase1">
        <test-method status="PASS" signature="Tc1()[pri:0, instance:TestCase1@71d15f18]" name="Tc1" duration-ms="61474" started-at="2020-05-09T17:27:29Z" depends-on-methods="TestCase2.Tc2" finished-at="2020-05-09T17:28:31Z">
          <reporter-output>
          </reporter-output>
        </test-method> <!-- Tc1 -->
      </class> <!-- TestCase1 -->
    </test> <!-- Test -->
  </suite> <!-- Suite -->
</testng-results>
