<?xml version="1.0" encoding="UTF-8"?>
<testng-results skipped="0" failed="0" total="3" passed="3">
  <reporter-output>
  </reporter-output>
  <suite name="Suite" duration-ms="71" started-at="2020-05-04T10:12:41Z" finished-at="2020-05-04T10:12:41Z">
    <groups>
    </groups>
    <test name="Test" duration-ms="71" started-at="2020-05-04T10:12:41Z" finished-at="2020-05-04T10:12:41Z">
      <class name="TestCase5">
        <test-method status="PASS" signature="tc1()[pri:0, instance:TestCase5@675d3402]" name="tc1" duration-ms="17" started-at="2020-05-04T15:42:41Z" finished-at="2020-05-04T15:42:41Z">
          <reporter-output>
          </reporter-output>
        </test-method> <!-- tc1 -->
        <test-method status="PASS" signature="tc2()[pri:0, instance:TestCase5@675d3402]" name="tc2" duration-ms="0" started-at="2020-05-04T15:42:41Z" finished-at="2020-05-04T15:42:41Z">
          <reporter-output>
          </reporter-output>
        </test-method> <!-- tc2 -->
        <test-method status="PASS" signature="tc3()[pri:0, instance:TestCase5@675d3402]" name="tc3" duration-ms="0" started-at="2020-05-04T15:42:41Z" finished-at="2020-05-04T15:42:41Z">
          <reporter-output>
          </reporter-output>
        </test-method> <!-- tc3 -->
      </class> <!-- TestCase5 -->
    </test> <!-- Test -->
  </suite> <!-- Suite -->
</testng-results>
